2020-05-24 21:21:10,289 Model(
  (ad_id_embedding): Embedding(579847, 256, padding_idx=0)
  (product_id_embedding): Embedding(11108, 256, padding_idx=0)
  (product_category_embedding): Embedding(20, 8, padding_idx=0)
  (advertiser_id_embedding): Embedding(24366, 256, padding_idx=0)
  (industry_embedding): Embedding(302, 32, padding_idx=0)
  (fc): Sequential(
    (0): Dropout(p=0.3)
    (1): Linear(in_features=808, out_features=10, bias=True)
  )
)
2020-05-24 21:21:18,366 start loading data ...
2020-05-24 21:23:03,416 load data success, Time usage: 0:01:45
2020-05-24 21:23:03,421 Epoch [1/5]
2020-05-24 21:23:17,406 Iter:      0,  Train Loss:   2.3,  Train Acc: 12.50%,  Val Loss:  2.31,  Val Acc: 10.77%,  Val Auc:    0.0,  Time: 0:00:14 *
2020-05-24 21:23:31,846 Iter:    100,  Train Loss:  2.16,  Train Acc: 22.66%,  Val Loss:  2.14,  Val Acc: 22.34%,  Val Auc:    0.0,  Time: 0:00:28 *
2020-05-24 21:23:46,659 Iter:    200,  Train Loss:  2.08,  Train Acc: 21.09%,  Val Loss:  2.09,  Val Acc: 22.98%,  Val Auc:    0.0,  Time: 0:00:43 *
2020-05-24 21:24:01,810 Iter:    300,  Train Loss:  2.13,  Train Acc: 19.53%,  Val Loss:  2.06,  Val Acc: 23.36%,  Val Auc:    0.0,  Time: 0:00:58 *
2020-05-24 21:24:16,940 Iter:    400,  Train Loss:  2.02,  Train Acc: 27.34%,  Val Loss:  2.04,  Val Acc: 23.80%,  Val Auc:    0.0,  Time: 0:01:14 *
2020-05-24 21:24:31,409 Iter:    500,  Train Loss:  2.06,  Train Acc: 23.44%,  Val Loss:  2.02,  Val Acc: 24.43%,  Val Auc:    0.0,  Time: 0:01:28 *
2020-05-24 21:24:45,538 Iter:    600,  Train Loss:  2.04,  Train Acc: 25.00%,  Val Loss:   2.0,  Val Acc: 24.63%,  Val Auc:    0.0,  Time: 0:01:42 *
2020-05-24 21:24:59,856 Iter:    700,  Train Loss:  1.91,  Train Acc: 23.44%,  Val Loss:  1.97,  Val Acc: 25.57%,  Val Auc:    0.0,  Time: 0:01:56 *
2020-05-24 21:25:14,150 Iter:    800,  Train Loss:   2.0,  Train Acc: 24.22%,  Val Loss:  1.96,  Val Acc: 25.53%,  Val Auc:    0.0,  Time: 0:02:11 *
2020-05-24 21:25:29,042 Iter:    900,  Train Loss:  1.93,  Train Acc: 24.22%,  Val Loss:  1.94,  Val Acc: 26.14%,  Val Auc:    0.0,  Time: 0:02:26 *
2020-05-24 21:25:43,534 Iter:   1000,  Train Loss:  1.97,  Train Acc: 26.56%,  Val Loss:  1.92,  Val Acc: 27.02%,  Val Auc:    0.0,  Time: 0:02:40 *
2020-05-24 21:25:58,165 Iter:   1100,  Train Loss:  1.94,  Train Acc: 25.78%,  Val Loss:   1.9,  Val Acc: 27.15%,  Val Auc:    0.0,  Time: 0:02:55 *
2020-05-24 21:26:12,525 Iter:   1200,  Train Loss:  1.89,  Train Acc: 23.44%,  Val Loss:  1.88,  Val Acc: 28.00%,  Val Auc:    0.0,  Time: 0:03:09 *
2020-05-24 21:26:26,834 Iter:   1300,  Train Loss:  1.89,  Train Acc: 25.78%,  Val Loss:  1.87,  Val Acc: 28.52%,  Val Auc:    0.0,  Time: 0:03:23 *
2020-05-24 21:26:41,242 Iter:   1400,  Train Loss:  1.81,  Train Acc: 31.25%,  Val Loss:  1.85,  Val Acc: 29.04%,  Val Auc:    0.0,  Time: 0:03:38 *
2020-05-24 21:26:55,719 Iter:   1500,  Train Loss:  1.82,  Train Acc: 28.91%,  Val Loss:  1.84,  Val Acc: 29.25%,  Val Auc:    0.0,  Time: 0:03:52 *
2020-05-24 21:27:10,370 Iter:   1600,  Train Loss:  1.95,  Train Acc: 23.44%,  Val Loss:  1.82,  Val Acc: 30.26%,  Val Auc:    0.0,  Time: 0:04:07 *
2020-05-24 21:27:24,993 Iter:   1700,  Train Loss:  1.78,  Train Acc: 29.69%,  Val Loss:  1.81,  Val Acc: 30.63%,  Val Auc:    0.0,  Time: 0:04:22 *
2020-05-24 21:27:39,365 Iter:   1800,  Train Loss:  1.69,  Train Acc: 39.06%,  Val Loss:   1.8,  Val Acc: 30.83%,  Val Auc:    0.0,  Time: 0:04:36 *
2020-05-24 21:27:53,418 Iter:   1900,  Train Loss:  1.82,  Train Acc: 30.47%,  Val Loss:  1.79,  Val Acc: 31.20%,  Val Auc:    0.0,  Time: 0:04:50 *
2020-05-24 21:28:08,002 Iter:   2000,  Train Loss:  1.74,  Train Acc: 25.78%,  Val Loss:  1.78,  Val Acc: 31.39%,  Val Auc:    0.0,  Time: 0:05:05 *
2020-05-24 21:28:22,169 Iter:   2100,  Train Loss:  1.71,  Train Acc: 33.59%,  Val Loss:  1.77,  Val Acc: 31.92%,  Val Auc:    0.0,  Time: 0:05:19 *
2020-05-24 21:28:36,925 Iter:   2200,  Train Loss:  1.77,  Train Acc: 32.03%,  Val Loss:  1.75,  Val Acc: 32.18%,  Val Auc:    0.0,  Time: 0:05:34 *
2020-05-24 21:28:51,424 Iter:   2300,  Train Loss:  1.79,  Train Acc: 28.91%,  Val Loss:  1.75,  Val Acc: 32.25%,  Val Auc:    0.0,  Time: 0:05:48 *
2020-05-24 21:29:06,410 Iter:   2400,  Train Loss:   1.7,  Train Acc: 32.03%,  Val Loss:  1.74,  Val Acc: 32.47%,  Val Auc:    0.0,  Time: 0:06:03 *
2020-05-24 21:29:21,611 Iter:   2500,  Train Loss:  1.67,  Train Acc: 41.41%,  Val Loss:  1.73,  Val Acc: 32.49%,  Val Auc:    0.0,  Time: 0:06:18 *
2020-05-24 21:29:36,377 Iter:   2600,  Train Loss:  1.62,  Train Acc: 41.41%,  Val Loss:  1.72,  Val Acc: 33.07%,  Val Auc:    0.0,  Time: 0:06:33 *
2020-05-24 21:29:50,445 Iter:   2700,  Train Loss:  1.72,  Train Acc: 31.25%,  Val Loss:  1.71,  Val Acc: 33.33%,  Val Auc:    0.0,  Time: 0:06:47 *
2020-05-24 21:30:04,607 Iter:   2800,  Train Loss:  1.76,  Train Acc: 31.25%,  Val Loss:  1.71,  Val Acc: 33.21%,  Val Auc:    0.0,  Time: 0:07:01 *
2020-05-24 21:30:19,797 Iter:   2900,  Train Loss:  1.65,  Train Acc: 32.81%,  Val Loss:   1.7,  Val Acc: 33.63%,  Val Auc:    0.0,  Time: 0:07:16 *
2020-05-24 21:30:34,919 Iter:   3000,  Train Loss:  1.63,  Train Acc: 39.06%,  Val Loss:  1.69,  Val Acc: 33.70%,  Val Auc:    0.0,  Time: 0:07:31 *
2020-05-24 21:30:49,395 Iter:   3100,  Train Loss:  1.72,  Train Acc: 33.59%,  Val Loss:  1.69,  Val Acc: 33.93%,  Val Auc:    0.0,  Time: 0:07:46 *
2020-05-24 21:31:03,561 Iter:   3200,  Train Loss:  1.67,  Train Acc: 33.59%,  Val Loss:  1.68,  Val Acc: 34.35%,  Val Auc:    0.0,  Time: 0:08:00 *
2020-05-24 21:31:17,997 Iter:   3300,  Train Loss:  1.63,  Train Acc: 35.94%,  Val Loss:  1.68,  Val Acc: 34.47%,  Val Auc:    0.0,  Time: 0:08:15 *
2020-05-24 21:31:31,859 Iter:   3400,  Train Loss:  1.64,  Train Acc: 35.94%,  Val Loss:  1.67,  Val Acc: 34.33%,  Val Auc:    0.0,  Time: 0:08:28 *
2020-05-24 21:31:46,328 Iter:   3500,  Train Loss:  1.59,  Train Acc: 39.06%,  Val Loss:  1.67,  Val Acc: 34.56%,  Val Auc:    0.0,  Time: 0:08:43 *
2020-05-24 21:32:00,516 Iter:   3600,  Train Loss:  1.75,  Train Acc: 36.72%,  Val Loss:  1.66,  Val Acc: 34.79%,  Val Auc:    0.0,  Time: 0:08:57 *
2020-05-24 21:32:14,952 Iter:   3700,  Train Loss:  1.63,  Train Acc: 35.16%,  Val Loss:  1.66,  Val Acc: 35.07%,  Val Auc:    0.0,  Time: 0:09:12 *
2020-05-24 21:32:29,526 Iter:   3800,  Train Loss:  1.74,  Train Acc: 28.91%,  Val Loss:  1.65,  Val Acc: 35.28%,  Val Auc:    0.0,  Time: 0:09:26 *
2020-05-24 21:32:43,755 Iter:   3900,  Train Loss:  1.68,  Train Acc: 30.47%,  Val Loss:  1.65,  Val Acc: 35.38%,  Val Auc:    0.0,  Time: 0:09:40 *
2020-05-24 21:32:58,437 Iter:   4000,  Train Loss:   1.6,  Train Acc: 35.94%,  Val Loss:  1.64,  Val Acc: 35.49%,  Val Auc:    0.0,  Time: 0:09:55 *
2020-05-24 21:33:13,250 Iter:   4100,  Train Loss:  1.65,  Train Acc: 35.94%,  Val Loss:  1.64,  Val Acc: 35.40%,  Val Auc:    0.0,  Time: 0:10:10 *
2020-05-24 21:33:27,908 Iter:   4200,  Train Loss:  1.68,  Train Acc: 34.38%,  Val Loss:  1.64,  Val Acc: 35.72%,  Val Auc:    0.0,  Time: 0:10:24 *
2020-05-24 21:33:41,866 Iter:   4300,  Train Loss:   1.7,  Train Acc: 33.59%,  Val Loss:  1.63,  Val Acc: 35.82%,  Val Auc:    0.0,  Time: 0:10:38 *
2020-05-24 21:33:56,377 Iter:   4400,  Train Loss:  1.77,  Train Acc: 30.47%,  Val Loss:  1.63,  Val Acc: 35.86%,  Val Auc:    0.0,  Time: 0:10:53 *
2020-05-24 21:34:11,024 Iter:   4500,  Train Loss:  1.64,  Train Acc: 32.81%,  Val Loss:  1.63,  Val Acc: 35.83%,  Val Auc:    0.0,  Time: 0:11:08 *
2020-05-24 21:34:25,151 Iter:   4600,  Train Loss:  1.65,  Train Acc: 35.16%,  Val Loss:  1.62,  Val Acc: 35.90%,  Val Auc:    0.0,  Time: 0:11:22 *
2020-05-24 21:34:39,454 Iter:   4700,  Train Loss:  1.73,  Train Acc: 35.16%,  Val Loss:  1.62,  Val Acc: 36.20%,  Val Auc:    0.0,  Time: 0:11:36 *
2020-05-24 21:34:53,851 Iter:   4800,  Train Loss:  1.75,  Train Acc: 34.38%,  Val Loss:  1.62,  Val Acc: 36.45%,  Val Auc:    0.0,  Time: 0:11:50 *
2020-05-24 21:35:08,348 Iter:   4900,  Train Loss:  1.63,  Train Acc: 37.50%,  Val Loss:  1.61,  Val Acc: 36.46%,  Val Auc:    0.0,  Time: 0:12:05 *
2020-05-24 21:35:22,870 Iter:   5000,  Train Loss:  1.58,  Train Acc: 42.19%,  Val Loss:  1.61,  Val Acc: 36.42%,  Val Auc:    0.0,  Time: 0:12:19 *
2020-05-24 21:35:37,023 Iter:   5100,  Train Loss:  1.61,  Train Acc: 31.25%,  Val Loss:  1.61,  Val Acc: 36.62%,  Val Auc:    0.0,  Time: 0:12:34 *
2020-05-24 21:35:51,130 Iter:   5200,  Train Loss:  1.63,  Train Acc: 42.97%,  Val Loss:   1.6,  Val Acc: 36.58%,  Val Auc:    0.0,  Time: 0:12:48 *
2020-05-24 21:36:05,540 Iter:   5300,  Train Loss:  1.79,  Train Acc: 35.16%,  Val Loss:   1.6,  Val Acc: 36.90%,  Val Auc:    0.0,  Time: 0:13:02 *
2020-05-24 21:36:20,375 Iter:   5400,  Train Loss:  1.53,  Train Acc: 35.16%,  Val Loss:   1.6,  Val Acc: 36.91%,  Val Auc:    0.0,  Time: 0:13:17 *
2020-05-24 21:36:34,372 Iter:   5500,  Train Loss:  1.61,  Train Acc: 36.72%,  Val Loss:   1.6,  Val Acc: 36.94%,  Val Auc:    0.0,  Time: 0:13:31 *
2020-05-24 21:36:49,105 Iter:   5600,  Train Loss:   1.6,  Train Acc: 37.50%,  Val Loss:  1.59,  Val Acc: 37.16%,  Val Auc:    0.0,  Time: 0:13:46 *
2020-05-24 21:37:03,504 Iter:   5700,  Train Loss:  1.47,  Train Acc: 39.06%,  Val Loss:  1.59,  Val Acc: 37.28%,  Val Auc:    0.0,  Time: 0:14:00 *
2020-05-24 21:37:18,303 Iter:   5800,  Train Loss:  1.59,  Train Acc: 39.06%,  Val Loss:  1.59,  Val Acc: 37.22%,  Val Auc:    0.0,  Time: 0:14:15 *
2020-05-24 21:37:32,470 Iter:   5900,  Train Loss:  1.57,  Train Acc: 39.06%,  Val Loss:  1.59,  Val Acc: 37.43%,  Val Auc:    0.0,  Time: 0:14:29 *
2020-05-24 21:37:47,181 Iter:   6000,  Train Loss:   1.7,  Train Acc: 35.94%,  Val Loss:  1.58,  Val Acc: 37.66%,  Val Auc:    0.0,  Time: 0:14:44 *
2020-05-24 21:38:02,108 Iter:   6100,  Train Loss:  1.58,  Train Acc: 46.88%,  Val Loss:  1.58,  Val Acc: 37.35%,  Val Auc:    0.0,  Time: 0:14:59 *
2020-05-24 21:38:17,484 Iter:   6200,  Train Loss:  1.67,  Train Acc: 35.94%,  Val Loss:  1.58,  Val Acc: 37.52%,  Val Auc:    0.0,  Time: 0:15:14 *
2020-05-24 21:38:32,722 Iter:   6300,  Train Loss:  1.56,  Train Acc: 35.94%,  Val Loss:  1.58,  Val Acc: 37.70%,  Val Auc:    0.0,  Time: 0:15:29 *
2020-05-24 21:38:34,557 Epoch [2/5]
2020-05-24 21:38:48,341 Iter:   6400,  Train Loss:  1.42,  Train Acc: 44.53%,  Val Loss:  1.58,  Val Acc: 37.71%,  Val Auc:    0.0,  Time: 0:15:45 *
2020-05-24 21:39:09,367 Iter:   6500,  Train Loss:  1.68,  Train Acc: 33.59%,  Val Loss:  1.57,  Val Acc: 37.73%,  Val Auc:    0.0,  Time: 0:16:06 *
2020-05-24 21:39:24,453 Iter:   6600,  Train Loss:  1.56,  Train Acc: 37.50%,  Val Loss:  1.57,  Val Acc: 37.65%,  Val Auc:    0.0,  Time: 0:16:21 *
2020-05-24 21:39:39,023 Iter:   6700,  Train Loss:  1.53,  Train Acc: 42.19%,  Val Loss:  1.57,  Val Acc: 37.83%,  Val Auc:    0.0,  Time: 0:16:36 *
2020-05-24 21:39:53,103 Iter:   6800,  Train Loss:  1.53,  Train Acc: 32.81%,  Val Loss:  1.57,  Val Acc: 37.86%,  Val Auc:    0.0,  Time: 0:16:50 *
2020-05-24 21:40:07,420 Iter:   6900,  Train Loss:   1.5,  Train Acc: 35.16%,  Val Loss:  1.57,  Val Acc: 37.95%,  Val Auc:    0.0,  Time: 0:17:04 *
2020-05-24 21:40:21,512 Iter:   7000,  Train Loss:  1.67,  Train Acc: 27.34%,  Val Loss:  1.56,  Val Acc: 37.98%,  Val Auc:    0.0,  Time: 0:17:18 *
2020-05-24 21:40:35,290 Iter:   7100,  Train Loss:  1.59,  Train Acc: 35.16%,  Val Loss:  1.56,  Val Acc: 38.07%,  Val Auc:    0.0,  Time: 0:17:32 *
2020-05-24 21:40:49,685 Iter:   7200,  Train Loss:  1.57,  Train Acc: 35.94%,  Val Loss:  1.56,  Val Acc: 38.22%,  Val Auc:    0.0,  Time: 0:17:46 *
2020-05-24 21:41:04,458 Iter:   7300,  Train Loss:  1.62,  Train Acc: 42.19%,  Val Loss:  1.56,  Val Acc: 38.39%,  Val Auc:    0.0,  Time: 0:18:01 *
2020-05-24 21:41:19,593 Iter:   7400,  Train Loss:  1.55,  Train Acc: 36.72%,  Val Loss:  1.56,  Val Acc: 38.41%,  Val Auc:    0.0,  Time: 0:18:16 *
2020-05-24 21:41:34,060 Iter:   7500,  Train Loss:  1.61,  Train Acc: 35.16%,  Val Loss:  1.56,  Val Acc: 38.53%,  Val Auc:    0.0,  Time: 0:18:31 *
2020-05-24 21:41:48,279 Iter:   7600,  Train Loss:   1.5,  Train Acc: 41.41%,  Val Loss:  1.55,  Val Acc: 38.68%,  Val Auc:    0.0,  Time: 0:18:45 *
2020-05-24 21:42:02,793 Iter:   7700,  Train Loss:  1.53,  Train Acc: 38.28%,  Val Loss:  1.55,  Val Acc: 38.53%,  Val Auc:    0.0,  Time: 0:18:59 *
2020-05-24 21:42:17,844 Iter:   7800,  Train Loss:   1.5,  Train Acc: 40.62%,  Val Loss:  1.55,  Val Acc: 38.59%,  Val Auc:    0.0,  Time: 0:19:14 *
2020-05-24 21:42:32,821 Iter:   7900,  Train Loss:  1.65,  Train Acc: 35.16%,  Val Loss:  1.55,  Val Acc: 38.73%,  Val Auc:    0.0,  Time: 0:19:29 *
2020-05-24 21:42:48,270 Iter:   8000,  Train Loss:  1.43,  Train Acc: 45.31%,  Val Loss:  1.55,  Val Acc: 38.82%,  Val Auc:    0.0,  Time: 0:19:45 *
2020-05-24 21:43:02,833 Iter:   8100,  Train Loss:  1.61,  Train Acc: 39.06%,  Val Loss:  1.55,  Val Acc: 38.97%,  Val Auc:    0.0,  Time: 0:19:59 *
2020-05-24 21:43:17,133 Iter:   8200,  Train Loss:  1.58,  Train Acc: 36.72%,  Val Loss:  1.54,  Val Acc: 38.88%,  Val Auc:    0.0,  Time: 0:20:14 *
2020-05-24 21:43:31,178 Iter:   8300,  Train Loss:  1.54,  Train Acc: 37.50%,  Val Loss:  1.54,  Val Acc: 38.95%,  Val Auc:    0.0,  Time: 0:20:28 *
2020-05-24 21:43:45,200 Iter:   8400,  Train Loss:  1.52,  Train Acc: 41.41%,  Val Loss:  1.54,  Val Acc: 38.88%,  Val Auc:    0.0,  Time: 0:20:42 *
2020-05-24 21:43:59,635 Iter:   8500,  Train Loss:  1.48,  Train Acc: 42.97%,  Val Loss:  1.54,  Val Acc: 39.07%,  Val Auc:    0.0,  Time: 0:20:56 *
2020-05-24 21:44:13,979 Iter:   8600,  Train Loss:  1.57,  Train Acc: 35.16%,  Val Loss:  1.54,  Val Acc: 39.19%,  Val Auc:    0.0,  Time: 0:21:11 *
2020-05-24 21:44:28,157 Iter:   8700,  Train Loss:  1.52,  Train Acc: 32.81%,  Val Loss:  1.54,  Val Acc: 39.02%,  Val Auc:    0.0,  Time: 0:21:25 *
2020-05-24 21:44:42,194 Iter:   8800,  Train Loss:   1.5,  Train Acc: 45.31%,  Val Loss:  1.54,  Val Acc: 39.09%,  Val Auc:    0.0,  Time: 0:21:39 *
2020-05-24 21:44:56,490 Iter:   8900,  Train Loss:   1.4,  Train Acc: 40.62%,  Val Loss:  1.53,  Val Acc: 39.16%,  Val Auc:    0.0,  Time: 0:21:53 *
2020-05-24 21:45:11,579 Iter:   9000,  Train Loss:  1.57,  Train Acc: 36.72%,  Val Loss:  1.53,  Val Acc: 39.21%,  Val Auc:    0.0,  Time: 0:22:08 *
2020-05-24 21:45:26,205 Iter:   9100,  Train Loss:  1.42,  Train Acc: 41.41%,  Val Loss:  1.53,  Val Acc: 39.38%,  Val Auc:    0.0,  Time: 0:22:23 *
2020-05-24 21:45:40,534 Iter:   9200,  Train Loss:  1.55,  Train Acc: 43.75%,  Val Loss:  1.53,  Val Acc: 39.29%,  Val Auc:    0.0,  Time: 0:22:37 *
2020-05-24 21:45:54,664 Iter:   9300,  Train Loss:  1.67,  Train Acc: 35.94%,  Val Loss:  1.53,  Val Acc: 39.33%,  Val Auc:    0.0,  Time: 0:22:51 *
2020-05-24 21:46:09,001 Iter:   9400,  Train Loss:  1.31,  Train Acc: 43.75%,  Val Loss:  1.53,  Val Acc: 39.26%,  Val Auc:    0.0,  Time: 0:23:06 *
2020-05-24 21:46:23,344 Iter:   9500,  Train Loss:   1.5,  Train Acc: 36.72%,  Val Loss:  1.53,  Val Acc: 39.29%,  Val Auc:    0.0,  Time: 0:23:20 *
2020-05-24 21:46:37,666 Iter:   9600,  Train Loss:  1.41,  Train Acc: 42.97%,  Val Loss:  1.53,  Val Acc: 39.26%,  Val Auc:    0.0,  Time: 0:23:34 *
2020-05-24 21:46:51,612 Iter:   9700,  Train Loss:  1.44,  Train Acc: 44.53%,  Val Loss:  1.53,  Val Acc: 39.52%,  Val Auc:    0.0,  Time: 0:23:48 *
2020-05-24 21:47:06,079 Iter:   9800,  Train Loss:  1.58,  Train Acc: 35.16%,  Val Loss:  1.52,  Val Acc: 39.44%,  Val Auc:    0.0,  Time: 0:24:03 *
2020-05-24 21:47:20,319 Iter:   9900,  Train Loss:  1.41,  Train Acc: 46.88%,  Val Loss:  1.52,  Val Acc: 39.57%,  Val Auc:    0.0,  Time: 0:24:17 *
2020-05-24 21:47:33,999 Iter:  10000,  Train Loss:  1.56,  Train Acc: 38.28%,  Val Loss:  1.52,  Val Acc: 39.59%,  Val Auc:    0.0,  Time: 0:24:31 *
2020-05-24 21:47:48,307 Iter:  10100,  Train Loss:  1.44,  Train Acc: 46.09%,  Val Loss:  1.52,  Val Acc: 39.63%,  Val Auc:    0.0,  Time: 0:24:45 *
2020-05-24 21:48:02,382 Iter:  10200,  Train Loss:  1.48,  Train Acc: 43.75%,  Val Loss:  1.52,  Val Acc: 39.75%,  Val Auc:    0.0,  Time: 0:24:59 *
2020-05-24 21:48:16,600 Iter:  10300,  Train Loss:  1.48,  Train Acc: 39.06%,  Val Loss:  1.52,  Val Acc: 39.74%,  Val Auc:    0.0,  Time: 0:25:13 *
2020-05-24 21:48:30,985 Iter:  10400,  Train Loss:   1.5,  Train Acc: 43.75%,  Val Loss:  1.52,  Val Acc: 39.79%,  Val Auc:    0.0,  Time: 0:25:28 *
2020-05-24 21:48:44,889 Iter:  10500,  Train Loss:  1.56,  Train Acc: 38.28%,  Val Loss:  1.52,  Val Acc: 39.82%,  Val Auc:    0.0,  Time: 0:25:41 *
2020-05-24 21:48:59,029 Iter:  10600,  Train Loss:  1.46,  Train Acc: 42.97%,  Val Loss:  1.52,  Val Acc: 39.94%,  Val Auc:    0.0,  Time: 0:25:56 *
2020-05-24 21:49:13,452 Iter:  10700,  Train Loss:  1.45,  Train Acc: 37.50%,  Val Loss:  1.51,  Val Acc: 39.95%,  Val Auc:    0.0,  Time: 0:26:10 *
2020-05-24 21:49:27,913 Iter:  10800,  Train Loss:  1.45,  Train Acc: 36.72%,  Val Loss:  1.51,  Val Acc: 39.94%,  Val Auc:    0.0,  Time: 0:26:24 *
2020-05-24 21:49:41,977 Iter:  10900,  Train Loss:   1.5,  Train Acc: 40.62%,  Val Loss:  1.51,  Val Acc: 40.01%,  Val Auc:    0.0,  Time: 0:26:39 *
2020-05-24 21:49:56,216 Iter:  11000,  Train Loss:  1.48,  Train Acc: 40.62%,  Val Loss:  1.51,  Val Acc: 40.08%,  Val Auc:    0.0,  Time: 0:26:53 *
2020-05-24 21:50:10,434 Iter:  11100,  Train Loss:  1.45,  Train Acc: 42.19%,  Val Loss:  1.51,  Val Acc: 40.02%,  Val Auc:    0.0,  Time: 0:27:07 *
2020-05-24 21:50:24,226 Iter:  11200,  Train Loss:  1.58,  Train Acc: 38.28%,  Val Loss:  1.51,  Val Acc: 40.04%,  Val Auc:    0.0,  Time: 0:27:21 *
2020-05-24 21:50:38,107 Iter:  11300,  Train Loss:  1.44,  Train Acc: 46.88%,  Val Loss:  1.51,  Val Acc: 40.10%,  Val Auc:    0.0,  Time: 0:27:35 *
2020-05-24 21:50:52,123 Iter:  11400,  Train Loss:  1.59,  Train Acc: 42.97%,  Val Loss:  1.51,  Val Acc: 40.19%,  Val Auc:    0.0,  Time: 0:27:49 *
2020-05-24 21:51:06,630 Iter:  11500,  Train Loss:  1.51,  Train Acc: 44.53%,  Val Loss:  1.51,  Val Acc: 40.16%,  Val Auc:    0.0,  Time: 0:28:03 *
2020-05-24 21:51:21,082 Iter:  11600,  Train Loss:  1.52,  Train Acc: 45.31%,  Val Loss:  1.51,  Val Acc: 40.03%,  Val Auc:    0.0,  Time: 0:28:18 *
2020-05-24 21:51:35,309 Iter:  11700,  Train Loss:   1.4,  Train Acc: 36.72%,  Val Loss:  1.51,  Val Acc: 40.27%,  Val Auc:    0.0,  Time: 0:28:32 *
2020-05-24 21:51:49,540 Iter:  11800,  Train Loss:  1.36,  Train Acc: 52.34%,  Val Loss:  1.51,  Val Acc: 40.30%,  Val Auc:    0.0,  Time: 0:28:46 *
2020-05-24 21:52:03,942 Iter:  11900,  Train Loss:  1.49,  Train Acc: 41.41%,  Val Loss:   1.5,  Val Acc: 40.36%,  Val Auc:    0.0,  Time: 0:29:01 *
2020-05-24 21:52:18,771 Iter:  12000,  Train Loss:  1.47,  Train Acc: 40.62%,  Val Loss:   1.5,  Val Acc: 40.39%,  Val Auc:    0.0,  Time: 0:29:15 *
2020-05-24 21:52:32,838 Iter:  12100,  Train Loss:  1.65,  Train Acc: 33.59%,  Val Loss:   1.5,  Val Acc: 40.38%,  Val Auc:    0.0,  Time: 0:29:29 *
2020-05-24 21:52:47,236 Iter:  12200,  Train Loss:  1.45,  Train Acc: 43.75%,  Val Loss:   1.5,  Val Acc: 40.43%,  Val Auc:    0.0,  Time: 0:29:44 *
2020-05-24 21:53:01,910 Iter:  12300,  Train Loss:  1.43,  Train Acc: 42.19%,  Val Loss:   1.5,  Val Acc: 40.33%,  Val Auc:    0.0,  Time: 0:29:58 *
2020-05-24 21:53:16,266 Iter:  12400,  Train Loss:  1.64,  Train Acc: 37.50%,  Val Loss:   1.5,  Val Acc: 40.26%,  Val Auc:    0.0,  Time: 0:30:13 *
2020-05-24 21:53:30,625 Iter:  12500,  Train Loss:  1.64,  Train Acc: 41.41%,  Val Loss:   1.5,  Val Acc: 40.39%,  Val Auc:    0.0,  Time: 0:30:27 *
2020-05-24 21:53:44,985 Iter:  12600,  Train Loss:  1.53,  Train Acc: 35.16%,  Val Loss:   1.5,  Val Acc: 40.42%,  Val Auc:    0.0,  Time: 0:30:42 *
2020-05-24 21:53:47,499 Epoch [3/5]
2020-05-24 21:53:59,734 Iter:  12700,  Train Loss:  1.38,  Train Acc: 42.97%,  Val Loss:   1.5,  Val Acc: 40.40%,  Val Auc:    0.0,  Time: 0:30:56 *
2020-05-24 21:54:13,951 Iter:  12800,  Train Loss:  1.47,  Train Acc: 42.19%,  Val Loss:   1.5,  Val Acc: 40.51%,  Val Auc:    0.0,  Time: 0:31:11 *
2020-05-24 21:54:28,033 Iter:  12900,  Train Loss:  1.45,  Train Acc: 42.97%,  Val Loss:   1.5,  Val Acc: 40.56%,  Val Auc:    0.0,  Time: 0:31:25 *
2020-05-24 21:54:41,731 Iter:  13000,  Train Loss:  1.57,  Train Acc: 34.38%,  Val Loss:   1.5,  Val Acc: 40.52%,  Val Auc:    0.0,  Time: 0:31:38 *
2020-05-24 21:54:55,839 Iter:  13100,  Train Loss:  1.42,  Train Acc: 46.88%,  Val Loss:   1.5,  Val Acc: 40.63%,  Val Auc:    0.0,  Time: 0:31:52 *
2020-05-24 21:55:10,131 Iter:  13200,  Train Loss:   1.3,  Train Acc: 45.31%,  Val Loss:   1.5,  Val Acc: 40.62%,  Val Auc:    0.0,  Time: 0:32:07 *
2020-05-24 21:55:24,551 Iter:  13300,  Train Loss:  1.52,  Train Acc: 34.38%,  Val Loss:  1.49,  Val Acc: 40.68%,  Val Auc:    0.0,  Time: 0:32:21 *
2020-05-24 21:55:36,197 Iter:  13400,  Train Loss:  1.45,  Train Acc: 38.28%,  Val Loss:  1.49,  Val Acc: 40.65%,  Val Auc:    0.0,  Time: 0:32:33 
2020-05-24 21:55:50,657 Iter:  13500,  Train Loss:  1.49,  Train Acc: 41.41%,  Val Loss:  1.49,  Val Acc: 40.76%,  Val Auc:    0.0,  Time: 0:32:47 *
2020-05-24 21:56:05,170 Iter:  13600,  Train Loss:  1.47,  Train Acc: 46.88%,  Val Loss:  1.49,  Val Acc: 40.61%,  Val Auc:    0.0,  Time: 0:33:02 *
2020-05-24 21:56:19,672 Iter:  13700,  Train Loss:  1.42,  Train Acc: 42.97%,  Val Loss:  1.49,  Val Acc: 40.60%,  Val Auc:    0.0,  Time: 0:33:16 *
2020-05-24 21:56:33,699 Iter:  13800,  Train Loss:  1.53,  Train Acc: 41.41%,  Val Loss:  1.49,  Val Acc: 40.68%,  Val Auc:    0.0,  Time: 0:33:30 *
2020-05-24 21:56:48,312 Iter:  13900,  Train Loss:  1.38,  Train Acc: 42.97%,  Val Loss:  1.49,  Val Acc: 40.82%,  Val Auc:    0.0,  Time: 0:33:45 *
2020-05-24 21:57:03,004 Iter:  14000,  Train Loss:  1.45,  Train Acc: 45.31%,  Val Loss:  1.49,  Val Acc: 40.73%,  Val Auc:    0.0,  Time: 0:34:00 *
2020-05-24 21:57:26,193 Iter:  14100,  Train Loss:  1.54,  Train Acc: 38.28%,  Val Loss:  1.49,  Val Acc: 40.71%,  Val Auc:    0.0,  Time: 0:34:23 *
2020-05-24 21:57:47,653 Iter:  14200,  Train Loss:  1.42,  Train Acc: 47.66%,  Val Loss:  1.49,  Val Acc: 40.77%,  Val Auc:    0.0,  Time: 0:34:44 *
2020-05-24 21:58:10,748 Iter:  14300,  Train Loss:  1.36,  Train Acc: 48.44%,  Val Loss:  1.49,  Val Acc: 40.77%,  Val Auc:    0.0,  Time: 0:35:07 *
2020-05-24 21:58:25,180 Iter:  14400,  Train Loss:  1.41,  Train Acc: 47.66%,  Val Loss:  1.49,  Val Acc: 40.67%,  Val Auc:    0.0,  Time: 0:35:22 *
2020-05-24 21:58:39,949 Iter:  14500,  Train Loss:  1.47,  Train Acc: 46.09%,  Val Loss:  1.49,  Val Acc: 40.72%,  Val Auc:    0.0,  Time: 0:35:37 *
2020-05-24 21:58:51,035 Iter:  14600,  Train Loss:  1.36,  Train Acc: 50.00%,  Val Loss:  1.49,  Val Acc: 40.62%,  Val Auc:    0.0,  Time: 0:35:48 
2020-05-24 21:59:05,095 Iter:  14700,  Train Loss:  1.47,  Train Acc: 45.31%,  Val Loss:  1.49,  Val Acc: 40.73%,  Val Auc:    0.0,  Time: 0:36:02 *
2020-05-24 21:59:19,363 Iter:  14800,  Train Loss:  1.33,  Train Acc: 46.88%,  Val Loss:  1.49,  Val Acc: 40.79%,  Val Auc:    0.0,  Time: 0:36:16 *
2020-05-24 21:59:33,571 Iter:  14900,  Train Loss:  1.46,  Train Acc: 46.88%,  Val Loss:  1.49,  Val Acc: 40.82%,  Val Auc:    0.0,  Time: 0:36:30 *
2020-05-24 21:59:47,885 Iter:  15000,  Train Loss:  1.45,  Train Acc: 48.44%,  Val Loss:  1.48,  Val Acc: 40.93%,  Val Auc:    0.0,  Time: 0:36:44 *
2020-05-24 22:00:01,978 Iter:  15100,  Train Loss:   1.4,  Train Acc: 50.00%,  Val Loss:  1.48,  Val Acc: 40.95%,  Val Auc:    0.0,  Time: 0:36:59 *
2020-05-24 22:00:16,249 Iter:  15200,  Train Loss:  1.52,  Train Acc: 35.94%,  Val Loss:  1.48,  Val Acc: 40.81%,  Val Auc:    0.0,  Time: 0:37:13 *
2020-05-24 22:00:30,654 Iter:  15300,  Train Loss:  1.39,  Train Acc: 47.66%,  Val Loss:  1.48,  Val Acc: 41.01%,  Val Auc:    0.0,  Time: 0:37:27 *
2020-05-24 22:00:41,792 Iter:  15400,  Train Loss:  1.53,  Train Acc: 44.53%,  Val Loss:  1.48,  Val Acc: 40.93%,  Val Auc:    0.0,  Time: 0:37:38 
2020-05-24 22:00:55,595 Iter:  15500,  Train Loss:  1.34,  Train Acc: 42.97%,  Val Loss:  1.48,  Val Acc: 41.02%,  Val Auc:    0.0,  Time: 0:37:52 *
2020-05-24 22:01:10,020 Iter:  15600,  Train Loss:  1.31,  Train Acc: 47.66%,  Val Loss:  1.48,  Val Acc: 41.18%,  Val Auc:    0.0,  Time: 0:38:07 *
2020-05-24 22:01:24,088 Iter:  15700,  Train Loss:  1.42,  Train Acc: 40.62%,  Val Loss:  1.48,  Val Acc: 41.16%,  Val Auc:    0.0,  Time: 0:38:21 *
2020-05-24 22:01:35,362 Iter:  15800,  Train Loss:  1.45,  Train Acc: 44.53%,  Val Loss:  1.48,  Val Acc: 41.15%,  Val Auc:    0.0,  Time: 0:38:32 
2020-05-24 22:01:49,107 Iter:  15900,  Train Loss:  1.44,  Train Acc: 40.62%,  Val Loss:  1.48,  Val Acc: 41.12%,  Val Auc:    0.0,  Time: 0:38:46 *
2020-05-24 22:02:03,670 Iter:  16000,  Train Loss:  1.37,  Train Acc: 39.84%,  Val Loss:  1.48,  Val Acc: 41.25%,  Val Auc:    0.0,  Time: 0:39:00 *
2020-05-24 22:02:15,360 Iter:  16100,  Train Loss:  1.43,  Train Acc: 47.66%,  Val Loss:  1.48,  Val Acc: 41.21%,  Val Auc:    0.0,  Time: 0:39:12 
2020-05-24 22:02:29,238 Iter:  16200,  Train Loss:  1.44,  Train Acc: 41.41%,  Val Loss:  1.48,  Val Acc: 41.18%,  Val Auc:    0.0,  Time: 0:39:26 *
2020-05-24 22:02:43,423 Iter:  16300,  Train Loss:  1.32,  Train Acc: 44.53%,  Val Loss:  1.48,  Val Acc: 41.14%,  Val Auc:    0.0,  Time: 0:39:40 *
2020-05-24 22:02:57,536 Iter:  16400,  Train Loss:  1.33,  Train Acc: 51.56%,  Val Loss:  1.48,  Val Acc: 41.26%,  Val Auc:    0.0,  Time: 0:39:54 *
2020-05-24 22:03:11,920 Iter:  16500,  Train Loss:  1.41,  Train Acc: 46.88%,  Val Loss:  1.48,  Val Acc: 41.22%,  Val Auc:    0.0,  Time: 0:40:08 *
2020-05-24 22:03:26,285 Iter:  16600,  Train Loss:   1.4,  Train Acc: 42.97%,  Val Loss:  1.48,  Val Acc: 41.26%,  Val Auc:    0.0,  Time: 0:40:23 *
2020-05-24 22:03:40,413 Iter:  16700,  Train Loss:  1.37,  Train Acc: 45.31%,  Val Loss:  1.48,  Val Acc: 41.21%,  Val Auc:    0.0,  Time: 0:40:37 *
2020-05-24 22:03:51,429 Iter:  16800,  Train Loss:  1.33,  Train Acc: 46.09%,  Val Loss:  1.48,  Val Acc: 41.11%,  Val Auc:    0.0,  Time: 0:40:48 
2020-05-24 22:04:05,331 Iter:  16900,  Train Loss:   1.3,  Train Acc: 47.66%,  Val Loss:  1.48,  Val Acc: 41.27%,  Val Auc:    0.0,  Time: 0:41:02 *
2020-05-24 22:04:19,646 Iter:  17000,  Train Loss:  1.37,  Train Acc: 43.75%,  Val Loss:  1.48,  Val Acc: 41.29%,  Val Auc:    0.0,  Time: 0:41:16 *
2020-05-24 22:04:33,562 Iter:  17100,  Train Loss:  1.33,  Train Acc: 52.34%,  Val Loss:  1.47,  Val Acc: 41.35%,  Val Auc:    0.0,  Time: 0:41:30 *
2020-05-24 22:04:47,598 Iter:  17200,  Train Loss:  1.36,  Train Acc: 48.44%,  Val Loss:  1.47,  Val Acc: 41.41%,  Val Auc:    0.0,  Time: 0:41:44 *
2020-05-24 22:05:01,970 Iter:  17300,  Train Loss:  1.42,  Train Acc: 48.44%,  Val Loss:  1.47,  Val Acc: 41.35%,  Val Auc:    0.0,  Time: 0:41:59 *
2020-05-24 22:05:13,175 Iter:  17400,  Train Loss:  1.47,  Train Acc: 38.28%,  Val Loss:  1.47,  Val Acc: 41.28%,  Val Auc:    0.0,  Time: 0:42:10 
2020-05-24 22:05:24,085 Iter:  17500,  Train Loss:   1.4,  Train Acc: 53.12%,  Val Loss:  1.47,  Val Acc: 41.38%,  Val Auc:    0.0,  Time: 0:42:21 
2020-05-24 22:05:37,874 Iter:  17600,  Train Loss:  1.27,  Train Acc: 50.00%,  Val Loss:  1.47,  Val Acc: 41.40%,  Val Auc:    0.0,  Time: 0:42:34 *
2020-05-24 22:05:51,830 Iter:  17700,  Train Loss:   1.3,  Train Acc: 49.22%,  Val Loss:  1.47,  Val Acc: 41.49%,  Val Auc:    0.0,  Time: 0:42:48 *
2020-05-24 22:06:06,125 Iter:  17800,  Train Loss:  1.44,  Train Acc: 47.66%,  Val Loss:  1.47,  Val Acc: 41.42%,  Val Auc:    0.0,  Time: 0:43:03 *
2020-05-24 22:06:20,272 Iter:  17900,  Train Loss:  1.34,  Train Acc: 45.31%,  Val Loss:  1.47,  Val Acc: 41.50%,  Val Auc:    0.0,  Time: 0:43:17 *
2020-05-24 22:06:34,013 Iter:  18000,  Train Loss:  1.32,  Train Acc: 42.97%,  Val Loss:  1.47,  Val Acc: 41.43%,  Val Auc:    0.0,  Time: 0:43:31 *
2020-05-24 22:06:45,138 Iter:  18100,  Train Loss:  1.42,  Train Acc: 46.09%,  Val Loss:  1.47,  Val Acc: 41.44%,  Val Auc:    0.0,  Time: 0:43:42 
2020-05-24 22:06:58,760 Iter:  18200,  Train Loss:  1.41,  Train Acc: 48.44%,  Val Loss:  1.47,  Val Acc: 41.48%,  Val Auc:    0.0,  Time: 0:43:55 *
2020-05-24 22:07:10,126 Iter:  18300,  Train Loss:  1.26,  Train Acc: 46.88%,  Val Loss:  1.47,  Val Acc: 41.55%,  Val Auc:    0.0,  Time: 0:44:07 
2020-05-24 22:07:23,862 Iter:  18400,  Train Loss:   1.4,  Train Acc: 46.88%,  Val Loss:  1.47,  Val Acc: 41.47%,  Val Auc:    0.0,  Time: 0:44:20 *
2020-05-24 22:07:35,290 Iter:  18500,  Train Loss:  1.44,  Train Acc: 46.88%,  Val Loss:  1.47,  Val Acc: 41.45%,  Val Auc:    0.0,  Time: 0:44:32 
2020-05-24 22:07:49,452 Iter:  18600,  Train Loss:  1.33,  Train Acc: 46.09%,  Val Loss:  1.47,  Val Acc: 41.58%,  Val Auc:    0.0,  Time: 0:44:46 *
2020-05-24 22:08:01,089 Iter:  18700,  Train Loss:  1.47,  Train Acc: 36.72%,  Val Loss:  1.47,  Val Acc: 41.53%,  Val Auc:    0.0,  Time: 0:44:58 
2020-05-24 22:08:12,218 Iter:  18800,  Train Loss:  1.52,  Train Acc: 44.53%,  Val Loss:  1.47,  Val Acc: 41.53%,  Val Auc:    0.0,  Time: 0:45:09 
2020-05-24 22:08:25,667 Iter:  18900,  Train Loss:  1.59,  Train Acc: 34.38%,  Val Loss:  1.47,  Val Acc: 41.59%,  Val Auc:    0.0,  Time: 0:45:22 *
2020-05-24 22:08:29,005 Epoch [4/5]
2020-05-24 22:08:37,734 Iter:  19000,  Train Loss:  1.36,  Train Acc: 53.91%,  Val Loss:  1.47,  Val Acc: 41.52%,  Val Auc:    0.0,  Time: 0:45:34 
