2020-05-24 11:36:31,983 Model(
  (ad_id_embedding): Embedding(579847, 256, padding_idx=0)
  (product_id_embedding): Embedding(11108, 256, padding_idx=0)
  (product_category_embedding): Embedding(20, 8, padding_idx=0)
  (advertiser_id_embedding): Embedding(24366, 256, padding_idx=0)
  (industry_embedding): Embedding(302, 32, padding_idx=0)
  (gru): GRU(808, 256, num_layers=2, batch_first=True, dropout=0.5, bidirectional=True)
  (fc): Sequential(
    (0): Linear(in_features=512, out_features=128, bias=True)
    (1): ReLU(inplace)
    (2): Linear(in_features=128, out_features=10, bias=True)
  )
)
2020-05-24 11:36:41,890 start loading data ...
2020-05-24 11:38:55,806 load data success, Time usage: 0:02:14
2020-05-24 11:38:55,810 Epoch [1/5]
2020-05-24 11:39:34,284 Iter:      0,  Train Loss:  2.32,  Train Acc:  9.38%,  Val Loss:  2.18,  Val Acc: 22.27%,  Val Auc:    0.0,  Time: 0:00:38 *
2020-05-24 11:40:21,436 Iter:    100,  Train Loss:  1.76,  Train Acc: 26.56%,  Val Loss:  1.71,  Val Acc: 31.98%,  Val Auc:    0.0,  Time: 0:01:26 *
2020-05-24 11:41:05,823 Iter:    200,  Train Loss:   1.6,  Train Acc: 34.38%,  Val Loss:  1.63,  Val Acc: 33.49%,  Val Auc:    0.0,  Time: 0:02:10 *
2020-05-24 11:41:51,495 Iter:    300,  Train Loss:  1.71,  Train Acc: 28.91%,  Val Loss:  1.57,  Val Acc: 35.82%,  Val Auc:    0.0,  Time: 0:02:56 *
2020-05-24 11:42:34,335 Iter:    400,  Train Loss:  1.55,  Train Acc: 37.50%,  Val Loss:  1.54,  Val Acc: 37.18%,  Val Auc:    0.0,  Time: 0:03:39 *
2020-05-24 11:43:21,675 Iter:    500,  Train Loss:  1.48,  Train Acc: 43.75%,  Val Loss:  1.53,  Val Acc: 37.77%,  Val Auc:    0.0,  Time: 0:04:26 *
2020-05-24 11:44:06,907 Iter:    600,  Train Loss:  1.57,  Train Acc: 32.81%,  Val Loss:  1.51,  Val Acc: 38.36%,  Val Auc:    0.0,  Time: 0:05:11 *
2020-05-24 11:44:53,343 Iter:    700,  Train Loss:  1.46,  Train Acc: 41.41%,  Val Loss:  1.49,  Val Acc: 38.89%,  Val Auc:    0.0,  Time: 0:05:58 *
2020-05-24 11:45:41,224 Iter:    800,  Train Loss:  1.65,  Train Acc: 35.94%,  Val Loss:  1.48,  Val Acc: 39.84%,  Val Auc:    0.0,  Time: 0:06:45 *
2020-05-24 11:46:25,995 Iter:    900,  Train Loss:  1.47,  Train Acc: 35.16%,  Val Loss:  1.47,  Val Acc: 39.97%,  Val Auc:    0.0,  Time: 0:07:30 *
2020-05-24 11:47:12,034 Iter:   1000,  Train Loss:  1.46,  Train Acc: 40.62%,  Val Loss:  1.46,  Val Acc: 40.26%,  Val Auc:    0.0,  Time: 0:08:16 *
2020-05-24 11:47:53,842 Iter:   1100,  Train Loss:  1.49,  Train Acc: 42.97%,  Val Loss:  1.46,  Val Acc: 40.61%,  Val Auc:    0.0,  Time: 0:08:58 *
2020-05-24 11:48:40,203 Iter:   1200,  Train Loss:  1.44,  Train Acc: 39.06%,  Val Loss:  1.45,  Val Acc: 40.19%,  Val Auc:    0.0,  Time: 0:09:44 *
2020-05-24 11:49:27,148 Iter:   1300,  Train Loss:  1.33,  Train Acc: 42.19%,  Val Loss:  1.44,  Val Acc: 41.17%,  Val Auc:    0.0,  Time: 0:10:31 *
2020-05-24 11:50:13,582 Iter:   1400,  Train Loss:   1.4,  Train Acc: 42.97%,  Val Loss:  1.43,  Val Acc: 41.60%,  Val Auc:    0.0,  Time: 0:11:18 *
2020-05-24 11:50:55,181 Iter:   1500,  Train Loss:  1.46,  Train Acc: 39.84%,  Val Loss:  1.46,  Val Acc: 41.13%,  Val Auc:    0.0,  Time: 0:11:59 
2020-05-24 11:51:39,552 Iter:   1600,  Train Loss:  1.52,  Train Acc: 39.84%,  Val Loss:  1.43,  Val Acc: 41.74%,  Val Auc:    0.0,  Time: 0:12:44 *
2020-05-24 11:52:23,828 Iter:   1700,  Train Loss:  1.36,  Train Acc: 50.00%,  Val Loss:  1.42,  Val Acc: 42.07%,  Val Auc:    0.0,  Time: 0:13:28 *
2020-05-24 11:53:04,358 Iter:   1800,  Train Loss:  1.36,  Train Acc: 43.75%,  Val Loss:  1.42,  Val Acc: 41.65%,  Val Auc:    0.0,  Time: 0:14:09 
2020-05-24 11:53:48,882 Iter:   1900,  Train Loss:  1.45,  Train Acc: 39.06%,  Val Loss:  1.41,  Val Acc: 42.33%,  Val Auc:    0.0,  Time: 0:14:53 *
2020-05-24 11:54:31,747 Iter:   2000,  Train Loss:  1.33,  Train Acc: 41.41%,  Val Loss:  1.41,  Val Acc: 42.50%,  Val Auc:    0.0,  Time: 0:15:36 *
2020-05-24 11:55:14,847 Iter:   2100,  Train Loss:  1.36,  Train Acc: 35.16%,  Val Loss:  1.42,  Val Acc: 41.84%,  Val Auc:    0.0,  Time: 0:16:19 
2020-05-24 11:55:59,561 Iter:   2200,  Train Loss:  1.36,  Train Acc: 43.75%,  Val Loss:  1.39,  Val Acc: 42.76%,  Val Auc:    0.0,  Time: 0:17:04 *
2020-05-24 11:56:40,736 Iter:   2300,  Train Loss:   1.4,  Train Acc: 41.41%,  Val Loss:   1.4,  Val Acc: 42.60%,  Val Auc:    0.0,  Time: 0:17:45 
2020-05-24 11:57:24,340 Iter:   2400,  Train Loss:  1.31,  Train Acc: 49.22%,  Val Loss:  1.39,  Val Acc: 43.35%,  Val Auc:    0.0,  Time: 0:18:29 *
2020-05-24 11:58:03,824 Iter:   2500,  Train Loss:  1.33,  Train Acc: 44.53%,  Val Loss:  1.39,  Val Acc: 43.06%,  Val Auc:    0.0,  Time: 0:19:08 
2020-05-24 11:58:42,481 Iter:   2600,  Train Loss:  1.33,  Train Acc: 44.53%,  Val Loss:  1.39,  Val Acc: 42.96%,  Val Auc:    0.0,  Time: 0:19:47 
2020-05-24 11:59:29,055 Iter:   2700,  Train Loss:  1.52,  Train Acc: 37.50%,  Val Loss:  1.39,  Val Acc: 43.41%,  Val Auc:    0.0,  Time: 0:20:33 *
2020-05-24 12:00:14,862 Iter:   2800,  Train Loss:  1.49,  Train Acc: 44.53%,  Val Loss:  1.38,  Val Acc: 43.61%,  Val Auc:    0.0,  Time: 0:21:19 *
2020-05-24 12:00:57,192 Iter:   2900,  Train Loss:  1.47,  Train Acc: 41.41%,  Val Loss:  1.39,  Val Acc: 43.33%,  Val Auc:    0.0,  Time: 0:22:01 
2020-05-24 12:01:40,869 Iter:   3000,  Train Loss:   1.2,  Train Acc: 52.34%,  Val Loss:  1.38,  Val Acc: 43.86%,  Val Auc:    0.0,  Time: 0:22:45 *
2020-05-24 12:02:23,339 Iter:   3100,  Train Loss:  1.46,  Train Acc: 39.84%,  Val Loss:  1.37,  Val Acc: 43.82%,  Val Auc:    0.0,  Time: 0:23:28 *
2020-05-24 12:03:03,672 Iter:   3200,  Train Loss:  1.39,  Train Acc: 41.41%,  Val Loss:  1.38,  Val Acc: 43.60%,  Val Auc:    0.0,  Time: 0:24:08 
2020-05-24 12:03:45,251 Iter:   3300,  Train Loss:  1.38,  Train Acc: 42.19%,  Val Loss:  1.37,  Val Acc: 44.14%,  Val Auc:    0.0,  Time: 0:24:49 *
2020-05-24 12:04:32,750 Iter:   3400,  Train Loss:  1.32,  Train Acc: 46.09%,  Val Loss:  1.37,  Val Acc: 43.88%,  Val Auc:    0.0,  Time: 0:25:37 *
2020-05-24 12:05:13,679 Iter:   3500,  Train Loss:  1.24,  Train Acc: 45.31%,  Val Loss:  1.38,  Val Acc: 43.77%,  Val Auc:    0.0,  Time: 0:26:18 
2020-05-24 12:05:58,971 Iter:   3600,  Train Loss:  1.45,  Train Acc: 48.44%,  Val Loss:  1.37,  Val Acc: 44.05%,  Val Auc:    0.0,  Time: 0:27:03 *
2020-05-24 12:06:39,740 Iter:   3700,  Train Loss:  1.31,  Train Acc: 48.44%,  Val Loss:  1.37,  Val Acc: 43.74%,  Val Auc:    0.0,  Time: 0:27:44 
2020-05-24 12:07:25,532 Iter:   3800,  Train Loss:  1.37,  Train Acc: 41.41%,  Val Loss:  1.35,  Val Acc: 44.38%,  Val Auc:    0.0,  Time: 0:28:30 *
2020-05-24 12:08:03,133 Iter:   3900,  Train Loss:  1.29,  Train Acc: 43.75%,  Val Loss:  1.36,  Val Acc: 43.87%,  Val Auc:    0.0,  Time: 0:29:07 
2020-05-24 12:08:45,848 Iter:   4000,  Train Loss:  1.31,  Train Acc: 42.19%,  Val Loss:  1.36,  Val Acc: 44.04%,  Val Auc:    0.0,  Time: 0:29:50 
2020-05-24 12:09:24,348 Iter:   4100,  Train Loss:  1.39,  Train Acc: 39.06%,  Val Loss:  1.36,  Val Acc: 44.30%,  Val Auc:    0.0,  Time: 0:30:29 
2020-05-24 12:10:07,959 Iter:   4200,  Train Loss:  1.39,  Train Acc: 50.00%,  Val Loss:  1.35,  Val Acc: 44.43%,  Val Auc:    0.0,  Time: 0:31:12 *
2020-05-24 12:10:54,030 Iter:   4300,  Train Loss:  1.52,  Train Acc: 39.06%,  Val Loss:  1.35,  Val Acc: 44.64%,  Val Auc:    0.0,  Time: 0:31:58 *
2020-05-24 12:11:38,710 Iter:   4400,  Train Loss:  1.48,  Train Acc: 39.84%,  Val Loss:  1.35,  Val Acc: 44.55%,  Val Auc:    0.0,  Time: 0:32:43 *
2020-05-24 12:12:23,755 Iter:   4500,  Train Loss:  1.53,  Train Acc: 36.72%,  Val Loss:  1.34,  Val Acc: 44.82%,  Val Auc:    0.0,  Time: 0:33:28 *
2020-05-24 12:13:04,135 Iter:   4600,  Train Loss:  1.36,  Train Acc: 42.19%,  Val Loss:  1.37,  Val Acc: 43.61%,  Val Auc:    0.0,  Time: 0:34:08 
2020-05-24 12:13:45,683 Iter:   4700,  Train Loss:  1.42,  Train Acc: 42.97%,  Val Loss:  1.35,  Val Acc: 44.85%,  Val Auc:    0.0,  Time: 0:34:50 
2020-05-24 12:14:25,151 Iter:   4800,  Train Loss:  1.37,  Train Acc: 47.66%,  Val Loss:  1.34,  Val Acc: 44.71%,  Val Auc:    0.0,  Time: 0:35:29 
2020-05-24 12:15:06,575 Iter:   4900,  Train Loss:  1.29,  Train Acc: 46.09%,  Val Loss:  1.34,  Val Acc: 44.89%,  Val Auc:    0.0,  Time: 0:36:11 
2020-05-24 12:15:44,691 Iter:   5000,  Train Loss:   1.4,  Train Acc: 42.19%,  Val Loss:  1.34,  Val Acc: 44.62%,  Val Auc:    0.0,  Time: 0:36:49 
2020-05-24 12:16:31,107 Iter:   5100,  Train Loss:   1.3,  Train Acc: 50.00%,  Val Loss:  1.34,  Val Acc: 44.91%,  Val Auc:    0.0,  Time: 0:37:35 *
2020-05-24 12:17:14,324 Iter:   5200,  Train Loss:  1.33,  Train Acc: 46.09%,  Val Loss:  1.33,  Val Acc: 45.28%,  Val Auc:    0.0,  Time: 0:38:19 *
2020-05-24 12:17:57,403 Iter:   5300,  Train Loss:  1.37,  Train Acc: 37.50%,  Val Loss:  1.34,  Val Acc: 45.15%,  Val Auc:    0.0,  Time: 0:39:02 
2020-05-24 12:18:35,636 Iter:   5400,  Train Loss:  1.26,  Train Acc: 45.31%,  Val Loss:  1.33,  Val Acc: 45.08%,  Val Auc:    0.0,  Time: 0:39:40 
2020-05-24 12:19:21,295 Iter:   5500,  Train Loss:  1.31,  Train Acc: 53.12%,  Val Loss:  1.33,  Val Acc: 45.15%,  Val Auc:    0.0,  Time: 0:40:25 *
2020-05-24 12:19:59,562 Iter:   5600,  Train Loss:  1.32,  Train Acc: 48.44%,  Val Loss:  1.34,  Val Acc: 45.00%,  Val Auc:    0.0,  Time: 0:41:04 
2020-05-24 12:20:38,645 Iter:   5700,  Train Loss:  1.17,  Train Acc: 51.56%,  Val Loss:  1.33,  Val Acc: 45.28%,  Val Auc:    0.0,  Time: 0:41:43 
2020-05-24 12:21:17,923 Iter:   5800,  Train Loss:  1.38,  Train Acc: 49.22%,  Val Loss:  1.34,  Val Acc: 44.98%,  Val Auc:    0.0,  Time: 0:42:22 
2020-05-24 12:21:59,076 Iter:   5900,  Train Loss:  1.28,  Train Acc: 46.88%,  Val Loss:  1.34,  Val Acc: 44.88%,  Val Auc:    0.0,  Time: 0:43:03 
2020-05-24 12:22:07,125 Epoch [2/5]
2020-05-24 12:22:39,888 Iter:   6000,  Train Loss:  1.03,  Train Acc: 58.59%,  Val Loss:  1.37,  Val Acc: 44.57%,  Val Auc:    0.0,  Time: 0:43:44 
2020-05-24 12:23:20,086 Iter:   6100,  Train Loss:   1.0,  Train Acc: 59.38%,  Val Loss:  1.41,  Val Acc: 44.81%,  Val Auc:    0.0,  Time: 0:44:24 
2020-05-24 12:23:56,845 Iter:   6200,  Train Loss: 0.899,  Train Acc: 62.50%,  Val Loss:  1.44,  Val Acc: 44.26%,  Val Auc:    0.0,  Time: 0:45:01 
2020-05-24 12:24:39,365 Iter:   6300,  Train Loss:   1.1,  Train Acc: 65.62%,  Val Loss:  1.47,  Val Acc: 43.96%,  Val Auc:    0.0,  Time: 0:45:44 
2020-05-24 12:25:16,463 Iter:   6400,  Train Loss:  1.02,  Train Acc: 61.72%,  Val Loss:  1.46,  Val Acc: 43.91%,  Val Auc:    0.0,  Time: 0:46:21 
2020-05-24 12:25:59,459 Iter:   6500,  Train Loss:  1.04,  Train Acc: 60.16%,  Val Loss:  1.47,  Val Acc: 43.75%,  Val Auc:    0.0,  Time: 0:47:04 
2020-05-24 12:26:36,861 Iter:   6600,  Train Loss:  1.25,  Train Acc: 53.12%,  Val Loss:  1.46,  Val Acc: 43.66%,  Val Auc:    0.0,  Time: 0:47:41 
2020-05-24 12:27:22,235 Iter:   6700,  Train Loss:  1.14,  Train Acc: 55.47%,  Val Loss:   1.5,  Val Acc: 43.45%,  Val Auc:    0.0,  Time: 0:48:26 
2020-05-24 12:28:00,834 Iter:   6800,  Train Loss:  1.02,  Train Acc: 57.81%,  Val Loss:  1.47,  Val Acc: 43.54%,  Val Auc:    0.0,  Time: 0:49:05 
2020-05-24 12:28:41,928 Iter:   6900,  Train Loss: 0.978,  Train Acc: 64.84%,  Val Loss:  1.45,  Val Acc: 43.42%,  Val Auc:    0.0,  Time: 0:49:46 
